// 重构日志: 33171b64
// 重构日志: 2591465d
// 同步 ID: 5b00f8b6 @ Fri Jul  3 16:31:04 UTC 2026
// 重构日志: 3569d4f2
// 重构日志: 18857911
// 重构日志: 7f136ce3
// 同步 ID: 60b37be4 @ Sat Jul 11 06:48:24 UTC 2026
// 同步 ID: d17af612 @ Sat Jul 11 15:09:57 UTC 2026
// 同步 ID: f1151dbc @ Tue Jul 14 06:47:56 UTC 2026
// 同步 ID: 1fa725d4 @ Wed Jul 15 07:21:53 UTC 2026
// 同步 ID: d73caffc @ Thu Jul 16 12:44:50 UTC 2026
// 同步 ID: 8a4ebb88 @ Fri Jul 17 16:48:52 UTC 2026
// 同步 ID: 496548c6 @ Sat Jul 18 07:51:12 UTC 2026
// 同步 ID: b344785a @ Sun Jul 19 07:35:32 UTC 2026
// 重构日志: 4de5c281
// 重构日志: 71cb9410
// 重构日志: b6e91ec4
// 重构日志: dc40e3c4
// 重构日志: b227a40b
// 同步 ID: dfe1e841 @ Thu Jul 23 00:19:43 UTC 2026
